09b47811-aead-42d8-aded-9d3899f8e470 bess@toolbx:/var/mnt/bess2_rowdy_hawking_replica/bess2 timestamp=1733330602.511387986s
20fc0dd7-2c2a-4af8-88c6-445456a2f5ed bess@toolbx:/var/mnt/bess2_optimistic_newton_replica/bess2 timestamp=1733410416.780203205s
228b8f4f-262a-4e78-9d31-249ce4695f9c bess@toolbx:/var/mnt/bess2_nifty_maxwell_replica/bess2 timestamp=1737562611.876693131s
246e60a1-dc7f-4ee7-b4da-24d1d066d714 bess@toolbx:/var/mnt/bess3_jolly_noether_replica/bess2 timestamp=1739800877.895387712s
2d3305bb-5eaf-486b-bda2-e214180d610f bess@toolbx:/var/mnt/bess2_nice_sutherland_main/bess2 timestamp=1733482344.817917247s
3218b0cd-46a9-4301-bb8e-fda4f696443b bess@toolbx:/var/mnt/bess2_nice_sutherland_replica/bess2 timestamp=1733482360.399496779s
34001c5d-3a1b-476a-afec-7324881f7377 bess@toolbx:/var/mnt/bess2_greedy_turing_replica/bess2 timestamp=1733483131.003841219s
3b295768-4bbd-4ba9-a45a-b41be726e933 bess@toolbx:/var/mnt/bess2_rowdy_hawking_main/bess2 timestamp=1733330589.75253639s
494d122f-4249-4da6-8ea9-c65920ac4d90 bess@toolbx:/var/mnt/bess2_casual_hinton_replica/bess2 timestamp=1733483160.802620334s
5ad1ada2-648c-415a-bef2-cfeb089bfbc8 bess@toolbx:/var/mnt/bess2_crunchy_hopper_replica/bess2 timestamp=1733410504.484902254s
73f42767-7ad5-40c4-bec6-2c4bdc6675e3 bess2 recorded bags timestamp=1732724990.916094543s
80562941-7ceb-464d-aaba-aa8f2bddb7b7 bess@toolbx:/var/mnt/bess3_strange_hilbert_main/bess2 timestamp=1739799501.409694867s
8221a81c-4347-4496-8b5c-5ac6d8a9d44f bess2-lobby timestamp=1736521517.084168022s
8221a81c-4347-4496-8b5c-5ac6d8a9d44f bess2-lobby timestamp=1736521725.655268694s
8221a81c-4347-4496-8b5c-5ac6d8a9d44f bess2-lobby timestamp=1737128217.994565503s
85060dcf-9811-4c49-90cb-b6d590d5ae1b bess@toolbx:/var/mnt/bess3_jolly_noether_replica/bess2 timestamp=1739799198.592761673s
884487aa-0f3a-4609-a472-7af7dc08b474 bess@toolbx:/var/mnt/bess3_jolly_noether_main/bess2 timestamp=1739798924.176463781s
8a80187d-237b-45dc-94df-bc3528183995 bess@toolbx:/var/mnt/bess2_greedy_turing_main/bess2 timestamp=1733483118.098424239s
8b79407b-9b00-409a-ae30-4af6dd21eea6 bess@toolbx:/var/mnt/bess2_optimistic_newton_main/bess2 timestamp=1733410381.827482477s
aba1c6b5-cd07-4ad4-9e2b-2b79a9457edf bess@toolbx:/var/mnt/bess2_crunchy_hopper_main/bess2 timestamp=1733410472.91636575s
ac5b4add-3529-4852-96b2-d6c5bf0ecfe1 bess@toolbx:/var/mnt/bess3_strange_hilbert_main/bess2 timestamp=1739800841.393213472s
aef95c70-a464-4920-bfb2-1335bccf6ae9 bess@toolbx:/var/mnt/bess2_casual_hinton_replica/bess2 timestamp=1733483293.704731178s
c7dd88a7-3ce5-4b4b-af9c-d88cdfec39ee bess@toolbx:/var/mnt/bess2_recursing_dirac_main/bess2 timestamp=1733482252.499036869s
d5bcac17-e923-435f-ae29-ee1bea347f48 bess@toolbx:~/recording timestamp=1733330539.551170241s
da3a4753-8bc5-4400-b82c-6bc0bc923844 bess@toolbx:/var/mnt/bess3_strange_hilbert_replica/bess2 timestamp=1739800853.928125272s
dc2e27b9-267b-413e-b8f9-e30699021594 bess@toolbx:/var/mnt/bess2_casual_hinton_main/bess2 timestamp=1733483151.451253384s
e2242989-7d5a-4f18-98c4-745df4e21a3d bess@toolbx:/var/mnt/bess2_nifty_maxwell_main/bess2 timestamp=1737562601.432086665s
f3529bed-9bf2-49fa-97ec-20f87b772535 bess@toolbx:/var/mnt/bess2_recursing_dirac_replica/bess2 timestamp=1733482267.966337712s
